# JRE version: OpenJDK Runtime Environment (8.0_242-b01) (build 1.8.0_242-release-1644-b01)
# Java VM: OpenJDK 64-Bit Server VM (25.242-b01 mixed mode windows-amd64 compressed oops)
Heap:
 PSYoungGen      total 167936K, used 64893K [0x00000000d5580000, 0x00000000e1b80000, 0x0000000100000000)
  eden space 160768K, 35% used [0x00000000d5580000,0x00000000d8dfbff8,0x00000000df280000)
  from space 7168K, 98% used [0x00000000e1480000,0x00000000e1b63688,0x00000000e1b80000)
  to   space 11776K, 0% used [0x00000000e0480000,0x00000000e0480000,0x00000000e1000000)
 ParOldGen       total 138752K, used 14747K [0x0000000080000000, 0x0000000088780000, 0x00000000d5580000)
  object space 138752K, 10% used [0x0000000080000000,0x0000000080e66c50,0x0000000088780000)
 Metaspace       used 44323K, capacity 46216K, committed 46296K, reserved 1089536K
  class space    used 6023K, capacity 6396K, committed 6400K, reserved 1048576K
GC Heap History (10 events):
Event: 2.516 GC heap before
{Heap before GC invocations=6 (full 1):
 PSYoungGen      total 75776K, used 65024K [0x00000000d5580000, 0x00000000de980000, 0x0000000100000000)
  eden space 65024K, 100% used [0x00000000d5580000,0x00000000d9500000,0x00000000d9500000)
  from space 10752K, 0% used [0x00000000d9f80000,0x00000000d9f80000,0x00000000daa00000)
  to   space 10752K, 0% used [0x00000000d9500000,0x00000000d9500000,0x00000000d9f80000)
 ParOldGen       total 92160K, used 7286K [0x0000000080000000, 0x0000000085a00000, 0x00000000d5580000)
  object space 92160K, 7% used [0x0000000080000000,0x000000008071dbb0,0x0000000085a00000)
 Metaspace       used 28253K, capacity 29130K, committed 29568K, reserved 1075200K
  class space    used 3885K, capacity 4133K, committed 4224K, reserved 1048576K
Event: 2.519 GC heap after
Heap after GC invocations=6 (full 1):
 PSYoungGen      total 75776K, used 8170K [0x00000000d5580000, 0x00000000dd800000, 0x0000000100000000)
  eden space 65024K, 0% used [0x00000000d5580000,0x00000000d5580000,0x00000000d9500000)
  from space 10752K, 75% used [0x00000000d9500000,0x00000000d9cfa8c0,0x00000000d9f80000)
  to   space 12288K, 0% used [0x00000000dcc00000,0x00000000dcc00000,0x00000000dd800000)
 ParOldGen       total 92160K, used 7294K [0x0000000080000000, 0x0000000085a00000, 0x00000000d5580000)
  object space 92160K, 7% used [0x0000000080000000,0x000000008071fbb0,0x0000000085a00000)
 Metaspace       used 28253K, capacity 29130K, committed 29568K, reserved 1075200K
  class space    used 3885K, capacity 4133K, committed 4224K, reserved 1048576K
}
Event: 2.878 GC heap before
{Heap before GC invocations=7 (full 1):
 PSYoungGen      total 75776K, used 73194K [0x00000000d5580000, 0x00000000dd800000, 0x0000000100000000)
  eden space 65024K, 100% used [0x00000000d5580000,0x00000000d9500000,0x00000000d9500000)
  from space 10752K, 75% used [0x00000000d9500000,0x00000000d9cfa8c0,0x00000000d9f80000)
  to   space 12288K, 0% used [0x00000000dcc00000,0x00000000dcc00000,0x00000000dd800000)
 ParOldGen       total 92160K, used 7294K [0x0000000080000000, 0x0000000085a00000, 0x00000000d5580000)
  object space 92160K, 7% used [0x0000000080000000,0x000000008071fbb0,0x0000000085a00000)
 Metaspace       used 32705K, capacity 33782K, committed 33920K, reserved 1079296K
  class space    used 4452K, capacity 4723K, committed 4736K, reserved 1048576K
Event: 2.884 GC heap after
Heap after GC invocations=7 (full 1):
 PSYoungGen      total 119296K, used 9261K [0x00000000d5580000, 0x00000000dd700000, 0x0000000100000000)
  eden space 108032K, 0% used [0x00000000d5580000,0x00000000d5580000,0x00000000dbf00000)
  from space 11264K, 82% used [0x00000000dcc00000,0x00000000dd50b5b8,0x00000000dd700000)
  to   space 12288K, 0% used [0x00000000dbf00000,0x00000000dbf00000,0x00000000dcb00000)
 ParOldGen       total 92160K, used 7302K [0x0000000080000000, 0x0000000085a00000, 0x00000000d5580000)
  object space 92160K, 7% used [0x0000000080000000,0x0000000080721bb0,0x0000000085a00000)
 Metaspace       used 32705K, capacity 33782K, committed 33920K, reserved 1079296K
  class space    used 4452K, capacity 4723K, committed 4736K, reserved 1048576K
}
Event: 3.024 GC heap before
{Heap before GC invocations=8 (full 1):
 PSYoungGen      total 119296K, used 40113K [0x00000000d5580000, 0x00000000dd700000, 0x0000000100000000)
  eden space 108032K, 28% used [0x00000000d5580000,0x00000000d73a1100,0x00000000dbf00000)
  from space 11264K, 82% used [0x00000000dcc00000,0x00000000dd50b5b8,0x00000000dd700000)
  to   space 12288K, 0% used [0x00000000dbf00000,0x00000000dbf00000,0x00000000dcb00000)
 ParOldGen       total 92160K, used 7302K [0x0000000080000000, 0x0000000085a00000, 0x00000000d5580000)
  object space 92160K, 7% used [0x0000000080000000,0x0000000080721bb0,0x0000000085a00000)
 Metaspace       used 34248K, capacity 35392K, committed 35416K, reserved 1079296K
  class space    used 4709K, capacity 4973K, committed 4992K, reserved 1048576K
Event: 3.030 GC heap after
Heap after GC invocations=8 (full 1):
 PSYoungGen      total 120320K, used 8123K [0x00000000d5580000, 0x00000000e2000000, 0x0000000100000000)
  eden space 108032K, 0% used [0x00000000d5580000,0x00000000d5580000,0x00000000dbf00000)
  from space 12288K, 66% used [0x00000000dbf00000,0x00000000dc6eec58,0x00000000dcb00000)
  to   space 11776K, 0% used [0x00000000e1480000,0x00000000e1480000,0x00000000e2000000)
 ParOldGen       total 92160K, used 7310K [0x0000000080000000, 0x0000000085a00000, 0x00000000d5580000)
  object space 92160K, 7% used [0x0000000080000000,0x0000000080723bb0,0x0000000085a00000)
 Metaspace       used 34248K, capacity 35392K, committed 35416K, reserved 1079296K
  class space    used 4709K, capacity 4973K, committed 4992K, reserved 1048576K
}
Event: 3.030 GC heap before
{Heap before GC invocations=9 (full 2):
 PSYoungGen      total 120320K, used 8123K [0x00000000d5580000, 0x00000000e2000000, 0x0000000100000000)
  eden space 108032K, 0% used [0x00000000d5580000,0x00000000d5580000,0x00000000dbf00000)
  from space 12288K, 66% used [0x00000000dbf00000,0x00000000dc6eec58,0x00000000dcb00000)
  to   space 11776K, 0% used [0x00000000e1480000,0x00000000e1480000,0x00000000e2000000)
 ParOldGen       total 92160K, used 7310K [0x0000000080000000, 0x0000000085a00000, 0x00000000d5580000)
  object space 92160K, 7% used [0x0000000080000000,0x0000000080723bb0,0x0000000085a00000)
 Metaspace       used 34248K, capacity 35392K, committed 35416K, reserved 1079296K
  class space    used 4709K, capacity 4973K, committed 4992K, reserved 1048576K
Event: 3.064 GC heap after
Heap after GC invocations=9 (full 2):
 PSYoungGen      total 120320K, used 0K [0x00000000d5580000, 0x00000000e2000000, 0x0000000100000000)
  eden space 108032K, 0% used [0x00000000d5580000,0x00000000d5580000,0x00000000dbf00000)
  from space 12288K, 0% used [0x00000000dbf00000,0x00000000dbf00000,0x00000000dcb00000)
  to   space 11776K, 0% used [0x00000000e1480000,0x00000000e1480000,0x00000000e2000000)
 ParOldGen       total 138752K, used 14739K [0x0000000080000000, 0x0000000088780000, 0x00000000d5580000)
  object space 138752K, 10% used [0x0000000080000000,0x0000000080e64c50,0x0000000088780000)
 Metaspace       used 34248K, capacity 35392K, committed 35416K, reserved 1079296K
  class space    used 4709K, capacity 4973K, committed 4992K, reserved 1048576K
}
Event: 3.540 GC heap before
{Heap before GC invocations=10 (full 2):
 PSYoungGen      total 120320K, used 108032K [0x00000000d5580000, 0x00000000e2000000, 0x0000000100000000)
  eden space 108032K, 100% used [0x00000000d5580000,0x00000000dbf00000,0x00000000dbf00000)
  from space 12288K, 0% used [0x00000000dbf00000,0x00000000dbf00000,0x00000000dcb00000)
  to   space 11776K, 0% used [0x00000000e1480000,0x00000000e1480000,0x00000000e2000000)
 ParOldGen       total 138752K, used 14739K [0x0000000080000000, 0x0000000088780000, 0x00000000d5580000)
  object space 138752K, 10% used [0x0000000080000000,0x0000000080e64c50,0x0000000088780000)
 Metaspace       used 37315K, capacity 39008K, committed 39256K, reserved 1083392K
  class space    used 5151K, capacity 5490K, committed 5504K, reserved 1048576K
Event: 3.544 GC heap after
Heap after GC invocations=10 (full 2):
 PSYoungGen      total 167936K, used 7053K [0x00000000d5580000, 0x00000000e1b80000, 0x0000000100000000)
  eden space 160768K, 0% used [0x00000000d5580000,0x00000000d5580000,0x00000000df280000)
  from space 7168K, 98% used [0x00000000e1480000,0x00000000e1b63688,0x00000000e1b80000)
  to   space 11776K, 0% used [0x00000000e0480000,0x00000000e0480000,0x00000000e1000000)
 ParOldGen       total 138752K, used 14747K [0x0000000080000000, 0x0000000088780000, 0x00000000d5580000)
  object space 138752K, 10% used [0x0000000080000000,0x0000000080e66c50,0x0000000088780000)
 Metaspace       used 37315K, capacity 39008K, committed 39256K, reserved 1083392K
  class space    used 5151K, capacity 5490K, committed 5504K, reserved 1048576K
}

