# JRE version: OpenJDK Runtime Environment (8.0_242-b01) (build 1.8.0_242-release-1644-b01)
# Java VM: OpenJDK 64-Bit Server VM (25.242-b01 mixed mode windows-amd64 compressed oops)
Heap:
 PSYoungGen      total 503296K, used 307158K [0x00000000d5580000, 0x00000000fca80000, 0x0000000100000000)
  eden space 430592K, 63% used [0x00000000d5580000,0x00000000e60e4000,0x00000000efa00000)
  from space 72704K, 45% used [0x00000000efa00000,0x00000000f1a918f8,0x00000000f4100000)
  to   space 70144K, 0% used [0x00000000f8600000,0x00000000f8600000,0x00000000fca80000)
 ParOldGen       total 358400K, used 155396K [0x0000000080000000, 0x0000000095e00000, 0x00000000d5580000)
  object space 358400K, 43% used [0x0000000080000000,0x00000000897c12a0,0x0000000095e00000)
 Metaspace       used 140041K, capacity 146997K, committed 147288K, reserved 1177600K
  class space    used 17963K, capacity 19250K, committed 19328K, reserved 1048576K
GC Heap History (10 events):
Event: 13.681 GC heap before
{Heap before GC invocations=15 (full 4):
 PSYoungGen      total 403456K, used 26785K [0x00000000d5580000, 0x00000000f3d00000, 0x0000000100000000)
  eden space 361984K, 0% used [0x00000000d5580000,0x00000000d5580000,0x00000000eb700000)
  from space 41472K, 64% used [0x00000000eb700000,0x00000000ed128528,0x00000000edf80000)
  to   space 42496K, 0% used [0x00000000f1380000,0x00000000f1380000,0x00000000f3d00000)
 ParOldGen       total 216576K, used 91713K [0x0000000080000000, 0x000000008d380000, 0x00000000d5580000)
  object space 216576K, 42% used [0x0000000080000000,0x00000000859905f0,0x000000008d380000)
 Metaspace       used 93170K, capacity 97988K, committed 98264K, reserved 1134592K
  class space    used 12388K, capacity 13281K, committed 13312K, reserved 1048576K
Event: 13.814 GC heap after
Heap after GC invocations=15 (full 4):
 PSYoungGen      total 403456K, used 0K [0x00000000d5580000, 0x00000000f3d00000, 0x0000000100000000)
  eden space 361984K, 0% used [0x00000000d5580000,0x00000000d5580000,0x00000000eb700000)
  from space 41472K, 0% used [0x00000000eb700000,0x00000000eb700000,0x00000000edf80000)
  to   space 42496K, 0% used [0x00000000f1380000,0x00000000f1380000,0x00000000f3d00000)
 ParOldGen       total 358400K, used 84597K [0x0000000080000000, 0x0000000095e00000, 0x00000000d5580000)
  object space 358400K, 23% used [0x0000000080000000,0x000000008529d5c8,0x0000000095e00000)
 Metaspace       used 92854K, capacity 97064K, committed 98264K, reserved 1134592K
  class space    used 12287K, capacity 13103K, committed 13312K, reserved 1048576K
}
Event: 3155.962 GC heap before
{Heap before GC invocations=16 (full 4):
 PSYoungGen      total 403456K, used 361984K [0x00000000d5580000, 0x00000000f3d00000, 0x0000000100000000)
  eden space 361984K, 100% used [0x00000000d5580000,0x00000000eb700000,0x00000000eb700000)
  from space 41472K, 0% used [0x00000000eb700000,0x00000000eb700000,0x00000000edf80000)
  to   space 42496K, 0% used [0x00000000f1380000,0x00000000f1380000,0x00000000f3d00000)
 ParOldGen       total 358400K, used 84597K [0x0000000080000000, 0x0000000095e00000, 0x00000000d5580000)
  object space 358400K, 23% used [0x0000000080000000,0x000000008529d5c8,0x0000000095e00000)
 Metaspace       used 118900K, capacity 123541K, committed 124120K, reserved 1157120K
  class space    used 15395K, capacity 16351K, committed 16384K, reserved 1048576K
Event: 3156.033 GC heap after
Heap after GC invocations=16 (full 4):
 PSYoungGen      total 394240K, used 42471K [0x00000000d5580000, 0x00000000f3d00000, 0x0000000100000000)
  eden space 351744K, 0% used [0x00000000d5580000,0x00000000d5580000,0x00000000ead00000)
  from space 42496K, 99% used [0x00000000f1380000,0x00000000f3cf9c90,0x00000000f3d00000)
  to   space 53760K, 0% used [0x00000000ed400000,0x00000000ed400000,0x00000000f0880000)
 ParOldGen       total 358400K, used 98157K [0x0000000080000000, 0x0000000095e00000, 0x00000000d5580000)
  object space 358400K, 27% used [0x0000000080000000,0x0000000085fdb428,0x0000000095e00000)
 Metaspace       used 118900K, capacity 123541K, committed 124120K, reserved 1157120K
  class space    used 15395K, capacity 16351K, committed 16384K, reserved 1048576K
}
Event: 3158.197 GC heap before
{Heap before GC invocations=17 (full 4):
 PSYoungGen      total 394240K, used 394215K [0x00000000d5580000, 0x00000000f3d00000, 0x0000000100000000)
  eden space 351744K, 100% used [0x00000000d5580000,0x00000000ead00000,0x00000000ead00000)
  from space 42496K, 99% used [0x00000000f1380000,0x00000000f3cf9c90,0x00000000f3d00000)
  to   space 53760K, 0% used [0x00000000ed400000,0x00000000ed400000,0x00000000f0880000)
 ParOldGen       total 358400K, used 98157K [0x0000000080000000, 0x0000000095e00000, 0x00000000d5580000)
  object space 358400K, 27% used [0x0000000080000000,0x0000000085fdb428,0x0000000095e00000)
 Metaspace       used 123743K, capacity 128857K, committed 128984K, reserved 1161216K
  class space    used 16103K, capacity 17149K, committed 17152K, reserved 1048576K
Event: 3158.298 GC heap after
Heap after GC invocations=17 (full 4):
 PSYoungGen      total 445440K, used 53744K [0x00000000d5580000, 0x00000000f8c00000, 0x0000000100000000)
  eden space 391680K, 0% used [0x00000000d5580000,0x00000000d5580000,0x00000000ed400000)
  from space 53760K, 99% used [0x00000000ed400000,0x00000000f087c180,0x00000000f0880000)
  to   space 76800K, 0% used [0x00000000f4100000,0x00000000f4100000,0x00000000f8c00000)
 ParOldGen       total 358400K, used 137443K [0x0000000080000000, 0x0000000095e00000, 0x00000000d5580000)
  object space 358400K, 38% used [0x0000000080000000,0x0000000088638f58,0x0000000095e00000)
 Metaspace       used 123743K, capacity 128857K, committed 128984K, reserved 1161216K
  class space    used 16103K, capacity 17149K, committed 17152K, reserved 1048576K
}
Event: 3160.497 GC heap before
{Heap before GC invocations=18 (full 4):
 PSYoungGen      total 445440K, used 445424K [0x00000000d5580000, 0x00000000f8c00000, 0x0000000100000000)
  eden space 391680K, 100% used [0x00000000d5580000,0x00000000ed400000,0x00000000ed400000)
  from space 53760K, 99% used [0x00000000ed400000,0x00000000f087c180,0x00000000f0880000)
  to   space 76800K, 0% used [0x00000000f4100000,0x00000000f4100000,0x00000000f8c00000)
 ParOldGen       total 358400K, used 137443K [0x0000000080000000, 0x0000000095e00000, 0x00000000d5580000)
  object space 358400K, 38% used [0x0000000080000000,0x0000000088638f58,0x0000000095e00000)
 Metaspace       used 132185K, capacity 137875K, committed 137944K, reserved 1169408K
  class space    used 17089K, capacity 18167K, committed 18176K, reserved 1048576K
Event: 3160.530 GC heap after
Heap after GC invocations=18 (full 4):
 PSYoungGen      total 507392K, used 24649K [0x00000000d5580000, 0x00000000fb080000, 0x0000000100000000)
  eden space 430592K, 0% used [0x00000000d5580000,0x00000000d5580000,0x00000000efa00000)
  from space 76800K, 32% used [0x00000000f4100000,0x00000000f5912578,0x00000000f8c00000)
  to   space 72704K, 0% used [0x00000000efa00000,0x00000000efa00000,0x00000000f4100000)
 ParOldGen       total 358400K, used 155388K [0x0000000080000000, 0x0000000095e00000, 0x00000000d5580000)
  object space 358400K, 43% used [0x0000000080000000,0x00000000897bf2a0,0x0000000095e00000)
 Metaspace       used 132185K, capacity 137875K, committed 137944K, reserved 1169408K
  class space    used 17089K, capacity 18167K, committed 18176K, reserved 1048576K
}
Event: 3204.778 GC heap before
{Heap before GC invocations=19 (full 4):
 PSYoungGen      total 507392K, used 455241K [0x00000000d5580000, 0x00000000fb080000, 0x0000000100000000)
  eden space 430592K, 100% used [0x00000000d5580000,0x00000000efa00000,0x00000000efa00000)
  from space 76800K, 32% used [0x00000000f4100000,0x00000000f5912578,0x00000000f8c00000)
  to   space 72704K, 0% used [0x00000000efa00000,0x00000000efa00000,0x00000000f4100000)
 ParOldGen       total 358400K, used 155388K [0x0000000080000000, 0x0000000095e00000, 0x00000000d5580000)
  object space 358400K, 43% used [0x0000000080000000,0x00000000897bf2a0,0x0000000095e00000)
 Metaspace       used 139104K, capacity 145867K, committed 146136K, reserved 1175552K
  class space    used 17896K, capacity 19131K, committed 19200K, reserved 1048576K
Event: 3204.800 GC heap after
Heap after GC invocations=19 (full 4):
 PSYoungGen      total 503296K, used 33350K [0x00000000d5580000, 0x00000000fca80000, 0x0000000100000000)
  eden space 430592K, 0% used [0x00000000d5580000,0x00000000d5580000,0x00000000efa00000)
  from space 72704K, 45% used [0x00000000efa00000,0x00000000f1a918f8,0x00000000f4100000)
  to   space 70144K, 0% used [0x00000000f8600000,0x00000000f8600000,0x00000000fca80000)
 ParOldGen       total 358400K, used 155396K [0x0000000080000000, 0x0000000095e00000, 0x00000000d5580000)
  object space 358400K, 43% used [0x0000000080000000,0x00000000897c12a0,0x0000000095e00000)
 Metaspace       used 139104K, capacity 145867K, committed 146136K, reserved 1175552K
  class space    used 17896K, capacity 19131K, committed 19200K, reserved 1048576K
}

