# JRE version: OpenJDK Runtime Environment (8.0_242-b01) (build 1.8.0_242-release-1644-b01)
# Java VM: OpenJDK 64-Bit Server VM (25.242-b01 mixed mode windows-amd64 compressed oops)
Heap:
 PSYoungGen      total 602624K, used 185805K [0x00000000d5580000, 0x0000000100000000, 0x0000000100000000)
  eden space 536064K, 28% used [0x00000000d5580000,0x00000000deca8aa0,0x00000000f6100000)
  from space 66560K, 46% used [0x00000000fbf00000,0x00000000fdd4abb8,0x0000000100000000)
  to   space 81408K, 0% used [0x00000000f6100000,0x00000000f6100000,0x00000000fb080000)
 ParOldGen       total 463360K, used 186290K [0x0000000080000000, 0x000000009c480000, 0x00000000d5580000)
  object space 463360K, 40% used [0x0000000080000000,0x000000008b5ecb10,0x000000009c480000)
 Metaspace       used 99598K, capacity 106142K, committed 106584K, reserved 1142784K
  class space    used 12725K, capacity 13835K, committed 13952K, reserved 1048576K
GC Heap History (10 events):
Event: 284.597 GC heap before
{Heap before GC invocations=39 (full 4):
 PSYoungGen      total 644608K, used 596768K [0x00000000d5580000, 0x0000000100000000, 0x0000000100000000)
  eden space 590336K, 100% used [0x00000000d5580000,0x00000000f9600000,0x00000000f9600000)
  from space 54272K, 11% used [0x00000000fcb00000,0x00000000fd148000,0x0000000100000000)
  to   space 54272K, 0% used [0x00000000f9600000,0x00000000f9600000,0x00000000fcb00000)
 ParOldGen       total 327168K, used 243036K [0x0000000080000000, 0x0000000093f80000, 0x00000000d5580000)
  object space 327168K, 74% used [0x0000000080000000,0x000000008ed57100,0x0000000093f80000)
 Metaspace       used 97496K, capacity 104092K, committed 104408K, reserved 1140736K
  class space    used 12604K, capacity 13710K, committed 13824K, reserved 1048576K
Event: 284.648 GC heap after
Heap after GC invocations=39 (full 4):
 PSYoungGen      total 644608K, used 54256K [0x00000000d5580000, 0x0000000100000000, 0x0000000100000000)
  eden space 590336K, 0% used [0x00000000d5580000,0x00000000d5580000,0x00000000f9600000)
  from space 54272K, 99% used [0x00000000f9600000,0x00000000fcafc0c0,0x00000000fcb00000)
  to   space 54272K, 0% used [0x00000000fcb00000,0x00000000fcb00000,0x0000000100000000)
 ParOldGen       total 327168K, used 260156K [0x0000000080000000, 0x0000000093f80000, 0x00000000d5580000)
  object space 327168K, 79% used [0x0000000080000000,0x000000008fe0f1d0,0x0000000093f80000)
 Metaspace       used 97496K, capacity 104092K, committed 104408K, reserved 1140736K
  class space    used 12604K, capacity 13710K, committed 13824K, reserved 1048576K
}
Event: 300.949 GC heap before
{Heap before GC invocations=40 (full 4):
 PSYoungGen      total 644608K, used 644592K [0x00000000d5580000, 0x0000000100000000, 0x0000000100000000)
  eden space 590336K, 100% used [0x00000000d5580000,0x00000000f9600000,0x00000000f9600000)
  from space 54272K, 99% used [0x00000000f9600000,0x00000000fcafc0c0,0x00000000fcb00000)
  to   space 54272K, 0% used [0x00000000fcb00000,0x00000000fcb00000,0x0000000100000000)
 ParOldGen       total 327168K, used 260156K [0x0000000080000000, 0x0000000093f80000, 0x00000000d5580000)
  object space 327168K, 79% used [0x0000000080000000,0x000000008fe0f1d0,0x0000000093f80000)
 Metaspace       used 98677K, capacity 105514K, committed 105560K, reserved 1140736K
  class space    used 12731K, capacity 13911K, committed 13952K, reserved 1048576K
Event: 300.988 GC heap after
Heap after GC invocations=40 (full 4):
 PSYoungGen      total 620032K, used 19368K [0x00000000d5580000, 0x0000000100000000, 0x0000000100000000)
  eden space 565760K, 0% used [0x00000000d5580000,0x00000000d5580000,0x00000000f7e00000)
  from space 54272K, 35% used [0x00000000fcb00000,0x00000000fddea0e0,0x0000000100000000)
  to   space 66560K, 0% used [0x00000000f7e00000,0x00000000f7e00000,0x00000000fbf00000)
 ParOldGen       total 327168K, used 282667K [0x0000000080000000, 0x0000000093f80000, 0x00000000d5580000)
  object space 327168K, 86% used [0x0000000080000000,0x000000009140ac10,0x0000000093f80000)
 Metaspace       used 98677K, capacity 105514K, committed 105560K, reserved 1140736K
  class space    used 12731K, capacity 13911K, committed 13952K, reserved 1048576K
}
Event: 303.017 GC heap before
{Heap before GC invocations=41 (full 4):
 PSYoungGen      total 620032K, used 584323K [0x00000000d5580000, 0x0000000100000000, 0x0000000100000000)
  eden space 565760K, 99% used [0x00000000d5580000,0x00000000f7d36ce0,0x00000000f7e00000)
  from space 54272K, 35% used [0x00000000fcb00000,0x00000000fddea0e0,0x0000000100000000)
  to   space 66560K, 0% used [0x00000000f7e00000,0x00000000f7e00000,0x00000000fbf00000)
 ParOldGen       total 327168K, used 282667K [0x0000000080000000, 0x0000000093f80000, 0x00000000d5580000)
  object space 327168K, 86% used [0x0000000080000000,0x000000009140ac10,0x0000000093f80000)
 Metaspace       used 98798K, capacity 105716K, committed 105816K, reserved 1140736K
  class space    used 12744K, capacity 13934K, committed 13952K, reserved 1048576K
Event: 303.066 GC heap after
Heap after GC invocations=41 (full 4):
 PSYoungGen      total 632320K, used 66548K [0x00000000d5580000, 0x0000000100000000, 0x0000000100000000)
  eden space 565760K, 0% used [0x00000000d5580000,0x00000000d5580000,0x00000000f7e00000)
  from space 66560K, 99% used [0x00000000f7e00000,0x00000000fbefd078,0x00000000fbf00000)
  to   space 66560K, 0% used [0x00000000fbf00000,0x00000000fbf00000,0x0000000100000000)
 ParOldGen       total 327168K, used 306817K [0x0000000080000000, 0x0000000093f80000, 0x00000000d5580000)
  object space 327168K, 93% used [0x0000000080000000,0x0000000092ba0530,0x0000000093f80000)
 Metaspace       used 98798K, capacity 105716K, committed 105816K, reserved 1140736K
  class space    used 12744K, capacity 13934K, committed 13952K, reserved 1048576K
}
Event: 303.067 GC heap before
{Heap before GC invocations=42 (full 5):
 PSYoungGen      total 632320K, used 66548K [0x00000000d5580000, 0x0000000100000000, 0x0000000100000000)
  eden space 565760K, 0% used [0x00000000d5580000,0x00000000d5580000,0x00000000f7e00000)
  from space 66560K, 99% used [0x00000000f7e00000,0x00000000fbefd078,0x00000000fbf00000)
  to   space 66560K, 0% used [0x00000000fbf00000,0x00000000fbf00000,0x0000000100000000)
 ParOldGen       total 327168K, used 306817K [0x0000000080000000, 0x0000000093f80000, 0x00000000d5580000)
  object space 327168K, 93% used [0x0000000080000000,0x0000000092ba0530,0x0000000093f80000)
 Metaspace       used 98798K, capacity 105716K, committed 105816K, reserved 1140736K
  class space    used 12744K, capacity 13934K, committed 13952K, reserved 1048576K
Event: 303.449 GC heap after
Heap after GC invocations=42 (full 5):
 PSYoungGen      total 632320K, used 0K [0x00000000d5580000, 0x0000000100000000, 0x0000000100000000)
  eden space 565760K, 0% used [0x00000000d5580000,0x00000000d5580000,0x00000000f7e00000)
  from space 66560K, 0% used [0x00000000f7e00000,0x00000000f7e00000,0x00000000fbf00000)
  to   space 66560K, 0% used [0x00000000fbf00000,0x00000000fbf00000,0x0000000100000000)
 ParOldGen       total 463360K, used 186282K [0x0000000080000000, 0x000000009c480000, 0x00000000d5580000)
  object space 463360K, 40% used [0x0000000080000000,0x000000008b5eab10,0x000000009c480000)
 Metaspace       used 98564K, capacity 105062K, committed 105816K, reserved 1140736K
  class space    used 12663K, capacity 13793K, committed 13952K, reserved 1048576K
}
Event: 972.767 GC heap before
{Heap before GC invocations=43 (full 5):
 PSYoungGen      total 632320K, used 565760K [0x00000000d5580000, 0x0000000100000000, 0x0000000100000000)
  eden space 565760K, 100% used [0x00000000d5580000,0x00000000f7e00000,0x00000000f7e00000)
  from space 66560K, 0% used [0x00000000f7e00000,0x00000000f7e00000,0x00000000fbf00000)
  to   space 66560K, 0% used [0x00000000fbf00000,0x00000000fbf00000,0x0000000100000000)
 ParOldGen       total 463360K, used 186282K [0x0000000080000000, 0x000000009c480000, 0x00000000d5580000)
  object space 463360K, 40% used [0x0000000080000000,0x000000008b5eab10,0x000000009c480000)
 Metaspace       used 99259K, capacity 105786K, committed 106584K, reserved 1142784K
  class space    used 12691K, capacity 13809K, committed 13952K, reserved 1048576K
Event: 972.781 GC heap after
Heap after GC invocations=43 (full 5):
 PSYoungGen      total 602624K, used 31018K [0x00000000d5580000, 0x0000000100000000, 0x0000000100000000)
  eden space 536064K, 0% used [0x00000000d5580000,0x00000000d5580000,0x00000000f6100000)
  from space 66560K, 46% used [0x00000000fbf00000,0x00000000fdd4abb8,0x0000000100000000)
  to   space 81408K, 0% used [0x00000000f6100000,0x00000000f6100000,0x00000000fb080000)
 ParOldGen       total 463360K, used 186290K [0x0000000080000000, 0x000000009c480000, 0x00000000d5580000)
  object space 463360K, 40% used [0x0000000080000000,0x000000008b5ecb10,0x000000009c480000)
 Metaspace       used 99259K, capacity 105786K, committed 106584K, reserved 1142784K
  class space    used 12691K, capacity 13809K, committed 13952K, reserved 1048576K
}

