# JRE version: OpenJDK Runtime Environment (8.0_242-b01) (build 1.8.0_242-release-1644-b01)
# Java VM: OpenJDK 64-Bit Server VM (25.242-b01 mixed mode windows-amd64 compressed oops)
Heap:
 PSYoungGen      total 118784K, used 5246K [0x00000000d5580000, 0x00000000e1d80000, 0x0000000100000000)
  eden space 106496K, 4% used [0x00000000d5580000,0x00000000d5a9fa18,0x00000000dbd80000)
  from space 12288K, 0% used [0x00000000dbd80000,0x00000000dbd80000,0x00000000dc980000)
  to   space 11776K, 0% used [0x00000000e1200000,0x00000000e1200000,0x00000000e1d80000)
 ParOldGen       total 94720K, used 14630K [0x0000000080000000, 0x0000000085c80000, 0x00000000d5580000)
  object space 94720K, 15% used [0x0000000080000000,0x0000000080e49ac0,0x0000000085c80000)
 Metaspace       used 34419K, capacity 35624K, committed 35800K, reserved 1079296K
  class space    used 4733K, capacity 5007K, committed 5120K, reserved 1048576K
GC Heap History (10 events):
Event: 2.086 GC heap before
{Heap before GC invocations=5 (full 1):
 PSYoungGen      total 75776K, used 7653K [0x00000000d5580000, 0x00000000de980000, 0x0000000100000000)
  eden space 65024K, 0% used [0x00000000d5580000,0x00000000d5580000,0x00000000d9500000)
  from space 10752K, 71% used [0x00000000d9f80000,0x00000000da6f9400,0x00000000daa00000)
  to   space 10752K, 0% used [0x00000000d9500000,0x00000000d9500000,0x00000000d9f80000)
 ParOldGen       total 173568K, used 1115K [0x0000000080000000, 0x000000008a980000, 0x00000000d5580000)
  object space 173568K, 0% used [0x0000000080000000,0x0000000080116f78,0x000000008a980000)
 Metaspace       used 20543K, capacity 21204K, committed 21248K, reserved 1067008K
  class space    used 2866K, capacity 3048K, committed 3072K, reserved 1048576K
Event: 2.108 GC heap after
Heap after GC invocations=5 (full 1):
 PSYoungGen      total 75776K, used 0K [0x00000000d5580000, 0x00000000de980000, 0x0000000100000000)
  eden space 65024K, 0% used [0x00000000d5580000,0x00000000d5580000,0x00000000d9500000)
  from space 10752K, 0% used [0x00000000d9f80000,0x00000000d9f80000,0x00000000daa00000)
  to   space 10752K, 0% used [0x00000000d9500000,0x00000000d9500000,0x00000000d9f80000)
 ParOldGen       total 94720K, used 7426K [0x0000000080000000, 0x0000000085c80000, 0x00000000d5580000)
  object space 94720K, 7% used [0x0000000080000000,0x0000000080740850,0x0000000085c80000)
 Metaspace       used 20543K, capacity 21204K, committed 21248K, reserved 1067008K
  class space    used 2866K, capacity 3048K, committed 3072K, reserved 1048576K
}
Event: 2.557 GC heap before
{Heap before GC invocations=6 (full 1):
 PSYoungGen      total 75776K, used 65024K [0x00000000d5580000, 0x00000000de980000, 0x0000000100000000)
  eden space 65024K, 100% used [0x00000000d5580000,0x00000000d9500000,0x00000000d9500000)
  from space 10752K, 0% used [0x00000000d9f80000,0x00000000d9f80000,0x00000000daa00000)
  to   space 10752K, 0% used [0x00000000d9500000,0x00000000d9500000,0x00000000d9f80000)
 ParOldGen       total 94720K, used 7426K [0x0000000080000000, 0x0000000085c80000, 0x00000000d5580000)
  object space 94720K, 7% used [0x0000000080000000,0x0000000080740850,0x0000000085c80000)
 Metaspace       used 28582K, capacity 29514K, committed 29824K, reserved 1075200K
  class space    used 3950K, capacity 4191K, committed 4224K, reserved 1048576K
Event: 2.560 GC heap after
Heap after GC invocations=6 (full 1):
 PSYoungGen      total 75776K, used 8391K [0x00000000d5580000, 0x00000000dd600000, 0x0000000100000000)
  eden space 65024K, 0% used [0x00000000d5580000,0x00000000d5580000,0x00000000d9500000)
  from space 10752K, 78% used [0x00000000d9500000,0x00000000d9d31f90,0x00000000d9f80000)
  to   space 12288K, 0% used [0x00000000dca00000,0x00000000dca00000,0x00000000dd600000)
 ParOldGen       total 94720K, used 7434K [0x0000000080000000, 0x0000000085c80000, 0x00000000d5580000)
  object space 94720K, 7% used [0x0000000080000000,0x0000000080742850,0x0000000085c80000)
 Metaspace       used 28582K, capacity 29514K, committed 29824K, reserved 1075200K
  class space    used 3950K, capacity 4191K, committed 4224K, reserved 1048576K
}
Event: 2.942 GC heap before
{Heap before GC invocations=7 (full 1):
 PSYoungGen      total 75776K, used 73415K [0x00000000d5580000, 0x00000000dd600000, 0x0000000100000000)
  eden space 65024K, 100% used [0x00000000d5580000,0x00000000d9500000,0x00000000d9500000)
  from space 10752K, 78% used [0x00000000d9500000,0x00000000d9d31f90,0x00000000d9f80000)
  to   space 12288K, 0% used [0x00000000dca00000,0x00000000dca00000,0x00000000dd600000)
 ParOldGen       total 94720K, used 7434K [0x0000000080000000, 0x0000000085c80000, 0x00000000d5580000)
  object space 94720K, 7% used [0x0000000080000000,0x0000000080742850,0x0000000085c80000)
 Metaspace       used 32806K, capacity 33872K, committed 34048K, reserved 1079296K
  class space    used 4476K, capacity 4754K, committed 4864K, reserved 1048576K
Event: 2.948 GC heap after
Heap after GC invocations=7 (full 1):
 PSYoungGen      total 118272K, used 9205K [0x00000000d5580000, 0x00000000dd580000, 0x0000000100000000)
  eden space 106496K, 0% used [0x00000000d5580000,0x00000000d5580000,0x00000000dbd80000)
  from space 11776K, 78% used [0x00000000dca00000,0x00000000dd2fd548,0x00000000dd580000)
  to   space 12288K, 0% used [0x00000000dbd80000,0x00000000dbd80000,0x00000000dc980000)
 ParOldGen       total 94720K, used 7442K [0x0000000080000000, 0x0000000085c80000, 0x00000000d5580000)
  object space 94720K, 7% used [0x0000000080000000,0x0000000080744850,0x0000000085c80000)
 Metaspace       used 32806K, capacity 33872K, committed 34048K, reserved 1079296K
  class space    used 4476K, capacity 4754K, committed 4864K, reserved 1048576K
}
Event: 3.081 GC heap before
{Heap before GC invocations=8 (full 1):
 PSYoungGen      total 118272K, used 35888K [0x00000000d5580000, 0x00000000dd580000, 0x0000000100000000)
  eden space 106496K, 25% used [0x00000000d5580000,0x00000000d6f8ebf8,0x00000000dbd80000)
  from space 11776K, 78% used [0x00000000dca00000,0x00000000dd2fd548,0x00000000dd580000)
  to   space 12288K, 0% used [0x00000000dbd80000,0x00000000dbd80000,0x00000000dc980000)
 ParOldGen       total 94720K, used 7442K [0x0000000080000000, 0x0000000085c80000, 0x00000000d5580000)
  object space 94720K, 7% used [0x0000000080000000,0x0000000080744850,0x0000000085c80000)
 Metaspace       used 34206K, capacity 35392K, committed 35416K, reserved 1079296K
  class space    used 4703K, capacity 4973K, committed 4992K, reserved 1048576K
Event: 3.087 GC heap after
Heap after GC invocations=8 (full 1):
 PSYoungGen      total 118784K, used 8056K [0x00000000d5580000, 0x00000000e1d80000, 0x0000000100000000)
  eden space 106496K, 0% used [0x00000000d5580000,0x00000000d5580000,0x00000000dbd80000)
  from space 12288K, 65% used [0x00000000dbd80000,0x00000000dc55e150,0x00000000dc980000)
  to   space 11776K, 0% used [0x00000000e1200000,0x00000000e1200000,0x00000000e1d80000)
 ParOldGen       total 94720K, used 7450K [0x0000000080000000, 0x0000000085c80000, 0x00000000d5580000)
  object space 94720K, 7% used [0x0000000080000000,0x0000000080746850,0x0000000085c80000)
 Metaspace       used 34206K, capacity 35392K, committed 35416K, reserved 1079296K
  class space    used 4703K, capacity 4973K, committed 4992K, reserved 1048576K
}
Event: 3.087 GC heap before
{Heap before GC invocations=9 (full 2):
 PSYoungGen      total 118784K, used 8056K [0x00000000d5580000, 0x00000000e1d80000, 0x0000000100000000)
  eden space 106496K, 0% used [0x00000000d5580000,0x00000000d5580000,0x00000000dbd80000)
  from space 12288K, 65% used [0x00000000dbd80000,0x00000000dc55e150,0x00000000dc980000)
  to   space 11776K, 0% used [0x00000000e1200000,0x00000000e1200000,0x00000000e1d80000)
 ParOldGen       total 94720K, used 7450K [0x0000000080000000, 0x0000000085c80000, 0x00000000d5580000)
  object space 94720K, 7% used [0x0000000080000000,0x0000000080746850,0x0000000085c80000)
 Metaspace       used 34206K, capacity 35392K, committed 35416K, reserved 1079296K
  class space    used 4703K, capacity 4973K, committed 4992K, reserved 1048576K
Event: 3.133 GC heap after
Heap after GC invocations=9 (full 2):
 PSYoungGen      total 118784K, used 0K [0x00000000d5580000, 0x00000000e1d80000, 0x0000000100000000)
  eden space 106496K, 0% used [0x00000000d5580000,0x00000000d5580000,0x00000000dbd80000)
  from space 12288K, 0% used [0x00000000dbd80000,0x00000000dbd80000,0x00000000dc980000)
  to   space 11776K, 0% used [0x00000000e1200000,0x00000000e1200000,0x00000000e1d80000)
 ParOldGen       total 94720K, used 14630K [0x0000000080000000, 0x0000000085c80000, 0x00000000d5580000)
  object space 94720K, 15% used [0x0000000080000000,0x0000000080e49ac0,0x0000000085c80000)
 Metaspace       used 34206K, capacity 35392K, committed 35416K, reserved 1079296K
  class space    used 4703K, capacity 4973K, committed 4992K, reserved 1048576K
}

